g:\ctp2\zlib1211\zlib-1.2.11\contrib\vstudio\vc14\x86\zlibdlldebug\vc141.pdb
g:\ctp2\zlib1211\zlib-1.2.11\contrib\vstudio\vc14\x86\zlibdlldebug\vc141.idb
g:\ctp2\zlib1211\zlib-1.2.11\contrib\vstudio\vc14\x86\zlibdlldebug\tmp\zutil.obj
g:\ctp2\zlib1211\zlib-1.2.11\contrib\vstudio\vc14\x86\zlibdlldebug\tmp\zip.obj
g:\ctp2\zlib1211\zlib-1.2.11\contrib\vstudio\vc14\x86\zlibdlldebug\tmp\unzip.obj
g:\ctp2\zlib1211\zlib-1.2.11\contrib\vstudio\vc14\x86\zlibdlldebug\tmp\uncompr.obj
g:\ctp2\zlib1211\zlib-1.2.11\contrib\vstudio\vc14\x86\zlibdlldebug\tmp\trees.obj
g:\ctp2\zlib1211\zlib-1.2.11\contrib\vstudio\vc14\x86\zlibdlldebug\tmp\iowin32.obj
g:\ctp2\zlib1211\zlib-1.2.11\contrib\vstudio\vc14\x86\zlibdlldebug\tmp\ioapi.obj
g:\ctp2\zlib1211\zlib-1.2.11\contrib\vstudio\vc14\x86\zlibdlldebug\tmp\inftrees.obj
g:\ctp2\zlib1211\zlib-1.2.11\contrib\vstudio\vc14\x86\zlibdlldebug\tmp\inflate.obj
g:\ctp2\zlib1211\zlib-1.2.11\contrib\vstudio\vc14\x86\zlibdlldebug\tmp\inffast.obj
g:\ctp2\zlib1211\zlib-1.2.11\contrib\vstudio\vc14\x86\zlibdlldebug\tmp\infback.obj
g:\ctp2\zlib1211\zlib-1.2.11\contrib\vstudio\vc14\x86\zlibdlldebug\tmp\gzwrite.obj
g:\ctp2\zlib1211\zlib-1.2.11\contrib\vstudio\vc14\x86\zlibdlldebug\tmp\gzread.obj
g:\ctp2\zlib1211\zlib-1.2.11\contrib\vstudio\vc14\x86\zlibdlldebug\tmp\gzlib.obj
g:\ctp2\zlib1211\zlib-1.2.11\contrib\vstudio\vc14\x86\zlibdlldebug\tmp\gzclose.obj
g:\ctp2\zlib1211\zlib-1.2.11\contrib\vstudio\vc14\x86\zlibdlldebug\tmp\deflate.obj
g:\ctp2\zlib1211\zlib-1.2.11\contrib\vstudio\vc14\x86\zlibdlldebug\tmp\crc32.obj
g:\ctp2\zlib1211\zlib-1.2.11\contrib\vstudio\vc14\x86\zlibdlldebug\tmp\compress.obj
g:\ctp2\zlib1211\zlib-1.2.11\contrib\vstudio\vc14\x86\zlibdlldebug\tmp\adler32.obj
g:\ctp2\zlib1211\zlib-1.2.11\contrib\vstudio\vc14\x86\zlibdlldebug\zlib.dll
g:\ctp2\zlib1211\zlib-1.2.11\contrib\vstudio\vc14\x86\zlibdlldebug\zlibwapi.map
g:\ctp2\zlib1211\zlib-1.2.11\contrib\vstudio\vc14\x86\zlibdlldebug\zlibwapi.pdb
g:\ctp2\zlib1211\zlib-1.2.11\contrib\vstudio\vc14\x86\zlibdlldebug\tmp\zlib.res
g:\ctp2\zlib1211\zlib-1.2.11\contrib\vstudio\vc14\x86\zlibdlldebug\zlibwapi.lib
g:\ctp2\zlib1211\zlib-1.2.11\contrib\vstudio\vc14\x86\zlibdlldebug\zlibwapi.exp
g:\ctp2\zlib1211\zlib-1.2.11\contrib\vstudio\vc14\x86\zlibdlldebug\tmp\zlibvc.tlog\cl.command.1.tlog
g:\ctp2\zlib1211\zlib-1.2.11\contrib\vstudio\vc14\x86\zlibdlldebug\tmp\zlibvc.tlog\cl.read.1.tlog
g:\ctp2\zlib1211\zlib-1.2.11\contrib\vstudio\vc14\x86\zlibdlldebug\tmp\zlibvc.tlog\cl.write.1.tlog
g:\ctp2\zlib1211\zlib-1.2.11\contrib\vstudio\vc14\x86\zlibdlldebug\tmp\zlibvc.tlog\link.command.1.tlog
g:\ctp2\zlib1211\zlib-1.2.11\contrib\vstudio\vc14\x86\zlibdlldebug\tmp\zlibvc.tlog\link.read.1.tlog
g:\ctp2\zlib1211\zlib-1.2.11\contrib\vstudio\vc14\x86\zlibdlldebug\tmp\zlibvc.tlog\link.write.1.tlog
g:\ctp2\zlib1211\zlib-1.2.11\contrib\vstudio\vc14\x86\zlibdlldebug\tmp\zlibvc.tlog\rc.command.1.tlog
g:\ctp2\zlib1211\zlib-1.2.11\contrib\vstudio\vc14\x86\zlibdlldebug\tmp\zlibvc.tlog\rc.read.1.tlog
g:\ctp2\zlib1211\zlib-1.2.11\contrib\vstudio\vc14\x86\zlibdlldebug\tmp\zlibvc.tlog\rc.write.1.tlog
g:\ctp2\zlib1211\zlib-1.2.11\contrib\vstudio\vc14\x86\zlibdlldebug\tmp\zlibvc.tlog\zlibvc.write.1u.tlog
