g:\ctp2\zlib1211\zlib-1.2.11\contrib\vstudio\vc14\x86\zlibstatdebug\tmp\zutil.obj
g:\ctp2\zlib1211\zlib-1.2.11\contrib\vstudio\vc14\x86\zlibstatdebug\tmp\zip.obj
g:\ctp2\zlib1211\zlib-1.2.11\contrib\vstudio\vc14\x86\zlibstatdebug\tmp\unzip.obj
g:\ctp2\zlib1211\zlib-1.2.11\contrib\vstudio\vc14\x86\zlibstatdebug\tmp\uncompr.obj
g:\ctp2\zlib1211\zlib-1.2.11\contrib\vstudio\vc14\x86\zlibstatdebug\tmp\trees.obj
g:\ctp2\zlib1211\zlib-1.2.11\contrib\vstudio\vc14\x86\zlibstatdebug\tmp\ioapi.obj
g:\ctp2\zlib1211\zlib-1.2.11\contrib\vstudio\vc14\x86\zlibstatdebug\tmp\inftrees.obj
g:\ctp2\zlib1211\zlib-1.2.11\contrib\vstudio\vc14\x86\zlibstatdebug\tmp\inflate.obj
g:\ctp2\zlib1211\zlib-1.2.11\contrib\vstudio\vc14\x86\zlibstatdebug\tmp\inffast.obj
g:\ctp2\zlib1211\zlib-1.2.11\contrib\vstudio\vc14\x86\zlibstatdebug\tmp\infback.obj
g:\ctp2\zlib1211\zlib-1.2.11\contrib\vstudio\vc14\x86\zlibstatdebug\tmp\gzwrite.obj
g:\ctp2\zlib1211\zlib-1.2.11\contrib\vstudio\vc14\x86\zlibstatdebug\tmp\gzread.obj
g:\ctp2\zlib1211\zlib-1.2.11\contrib\vstudio\vc14\x86\zlibstatdebug\tmp\gzlib.obj
g:\ctp2\zlib1211\zlib-1.2.11\contrib\vstudio\vc14\x86\zlibstatdebug\tmp\gzclose.obj
g:\ctp2\zlib1211\zlib-1.2.11\contrib\vstudio\vc14\x86\zlibstatdebug\tmp\deflate.obj
g:\ctp2\zlib1211\zlib-1.2.11\contrib\vstudio\vc14\x86\zlibstatdebug\tmp\crc32.obj
g:\ctp2\zlib1211\zlib-1.2.11\contrib\vstudio\vc14\x86\zlibstatdebug\tmp\compress.obj
g:\ctp2\zlib1211\zlib-1.2.11\contrib\vstudio\vc14\x86\zlibstatdebug\tmp\adler32.obj
g:\ctp2\zlib1211\zlib-1.2.11\contrib\vstudio\vc14\x86\zlibstatdebug\zlibstat.lib
g:\ctp2\zlib1211\zlib-1.2.11\contrib\vstudio\vc14\x86\zlibstatdebug\tmp\zlib.res
g:\ctp2\zlib1211\zlib-1.2.11\contrib\vstudio\vc14\x86\zlibstatdebug\tmp\zlibstat.tlog\cl.command.1.tlog
g:\ctp2\zlib1211\zlib-1.2.11\contrib\vstudio\vc14\x86\zlibstatdebug\tmp\zlibstat.tlog\cl.read.1.tlog
g:\ctp2\zlib1211\zlib-1.2.11\contrib\vstudio\vc14\x86\zlibstatdebug\tmp\zlibstat.tlog\cl.write.1.tlog
g:\ctp2\zlib1211\zlib-1.2.11\contrib\vstudio\vc14\x86\zlibstatdebug\tmp\zlibstat.tlog\lib-link-cvtres.read.1.tlog
g:\ctp2\zlib1211\zlib-1.2.11\contrib\vstudio\vc14\x86\zlibstatdebug\tmp\zlibstat.tlog\lib-link-cvtres.write.1.tlog
g:\ctp2\zlib1211\zlib-1.2.11\contrib\vstudio\vc14\x86\zlibstatdebug\tmp\zlibstat.tlog\lib.command.1.tlog
g:\ctp2\zlib1211\zlib-1.2.11\contrib\vstudio\vc14\x86\zlibstatdebug\tmp\zlibstat.tlog\rc.command.1.tlog
g:\ctp2\zlib1211\zlib-1.2.11\contrib\vstudio\vc14\x86\zlibstatdebug\tmp\zlibstat.tlog\rc.read.1.tlog
g:\ctp2\zlib1211\zlib-1.2.11\contrib\vstudio\vc14\x86\zlibstatdebug\tmp\zlibstat.tlog\rc.write.1.tlog
